================================================================================
Generating responses with s1-32B model...
================================================================================
Loading MATH-500 dataset...
Found 500 existing results in math500_s1_responses.csv
Resuming from index 500...
All 500 samples already processed!

================================================================================
Generating responses with s1.1-32B model...
================================================================================
Loading MATH-500 dataset...
Found 270 existing results in math500_s1.1_responses.csv
Resuming from index 270...
Loading model simplescaling/s1.1-32B...
Compiling model with torch.compile for faster inference...
Generating responses for 230 problems (starting from 270)...
Processing 271/500...
Processing 272/500...
Processing 273/500...
Processing 274/500...
Processing 275/500...
Processing 276/500...
Processing 277/500...
Processing 278/500...
Processing 279/500...
Processing 280/500...
Saving checkpoint at 280/500...
Processing 281/500...
Processing 282/500...
Processing 283/500...
Processing 284/500...
Processing 285/500...
Processing 286/500...
Processing 287/500...
Processing 288/500...
Processing 289/500...
Processing 290/500...
Saving checkpoint at 290/500...
Processing 291/500...
Processing 292/500...
Processing 293/500...
Processing 294/500...
Processing 295/500...
Processing 296/500...
Processing 297/500...
Processing 298/500...
Processing 299/500...
Processing 300/500...
Saving checkpoint at 300/500...
Processing 301/500...
Processing 302/500...
Processing 303/500...
Processing 304/500...
Processing 305/500...
Processing 306/500...
Processing 307/500...
Processing 308/500...
Processing 309/500...
Processing 310/500...
Saving checkpoint at 310/500...
Processing 311/500...
Processing 312/500...
Processing 313/500...
Processing 314/500...
Processing 315/500...
Processing 316/500...
Processing 317/500...
Processing 318/500...
Processing 319/500...
Processing 320/500...
Saving checkpoint at 320/500...
Processing 321/500...
Processing 322/500...
Processing 323/500...
Processing 324/500...
Processing 325/500...
Processing 326/500...
Processing 327/500...
Processing 328/500...
Processing 329/500...
Processing 330/500...
Saving checkpoint at 330/500...
Processing 331/500...
Processing 332/500...
Processing 333/500...
Processing 334/500...
Processing 335/500...
Processing 336/500...
Processing 337/500...
Processing 338/500...
Processing 339/500...
Processing 340/500...
Saving checkpoint at 340/500...
Processing 341/500...
Processing 342/500...
Processing 343/500...
Processing 344/500...
Processing 345/500...
Processing 346/500...
Processing 347/500...
Processing 348/500...
Processing 349/500...
Processing 350/500...
Saving checkpoint at 350/500...
Processing 351/500...
Processing 352/500...
Processing 353/500...
Processing 354/500...
Processing 355/500...
Processing 356/500...
Processing 357/500...
Processing 358/500...
Processing 359/500...
Processing 360/500...
Saving checkpoint at 360/500...
Processing 361/500...
Processing 362/500...
Processing 363/500...
Processing 364/500...
Processing 365/500...
Processing 366/500...
Processing 367/500...
Processing 368/500...
Processing 369/500...
Processing 370/500...
Saving checkpoint at 370/500...
Processing 371/500...
Processing 372/500...
Processing 373/500...
Processing 374/500...
Processing 375/500...
Processing 376/500...
Processing 377/500...
Processing 378/500...
Processing 379/500...
Processing 380/500...
Saving checkpoint at 380/500...
Processing 381/500...
Processing 382/500...
Processing 383/500...
Processing 384/500...
Processing 385/500...
Processing 386/500...
Processing 387/500...
Processing 388/500...
Processing 389/500...
Processing 390/500...
Saving checkpoint at 390/500...
Processing 391/500...
Processing 392/500...
Processing 393/500...
Processing 394/500...
Processing 395/500...
Processing 396/500...
Processing 397/500...
Processing 398/500...
Processing 399/500...
Processing 400/500...
Saving checkpoint at 400/500...
Processing 401/500...
Processing 402/500...
Processing 403/500...
Processing 404/500...
Processing 405/500...
Processing 406/500...
Processing 407/500...
Processing 408/500...
Processing 409/500...
Processing 410/500...
Saving checkpoint at 410/500...
Processing 411/500...
Processing 412/500...
Processing 413/500...
Processing 414/500...
Processing 415/500...
Processing 416/500...
Processing 417/500...
Processing 418/500...
Processing 419/500...
Processing 420/500...
Saving checkpoint at 420/500...
Processing 421/500...
Processing 422/500...
Processing 423/500...
Processing 424/500...
Processing 425/500...
Processing 426/500...
Processing 427/500...
Processing 428/500...
Processing 429/500...
Processing 430/500...
Saving checkpoint at 430/500...
Processing 431/500...
Processing 432/500...
Processing 433/500...
Processing 434/500...
Processing 435/500...
Processing 436/500...
Processing 437/500...
Processing 438/500...
Processing 439/500...
Processing 440/500...
Saving checkpoint at 440/500...
Processing 441/500...
Processing 442/500...
Processing 443/500...
Processing 444/500...
Processing 445/500...
Processing 446/500...
Processing 447/500...
Processing 448/500...
Processing 449/500...
Processing 450/500...
Saving checkpoint at 450/500...
Processing 451/500...
Processing 452/500...
Processing 453/500...
Processing 454/500...
Processing 455/500...
Processing 456/500...
Processing 457/500...
Processing 458/500...
Processing 459/500...
Processing 460/500...
Saving checkpoint at 460/500...
Processing 461/500...
Processing 462/500...
Processing 463/500...
Processing 464/500...
Processing 465/500...
Processing 466/500...
Processing 467/500...
Processing 468/500...
Processing 469/500...
Processing 470/500...
Saving checkpoint at 470/500...
Processing 471/500...
Processing 472/500...
Processing 473/500...
Processing 474/500...
Processing 475/500...
Processing 476/500...
Processing 477/500...
Processing 478/500...
Processing 479/500...
Processing 480/500...
Saving checkpoint at 480/500...
Processing 481/500...
Processing 482/500...
Processing 483/500...
Processing 484/500...
Processing 485/500...
Processing 486/500...
Processing 487/500...
Processing 488/500...
Processing 489/500...
Processing 490/500...
Saving checkpoint at 490/500...
Processing 491/500...
Processing 492/500...
Processing 493/500...
Processing 494/500...
Processing 495/500...
Processing 496/500...
Processing 497/500...
Processing 498/500...
Processing 499/500...
Processing 500/500...
Saving checkpoint at 500/500...
Done! All 500 results saved to math500_s1.1_responses.csv
